android/app/build/intermediates/manifest_merge_blame_file/release/manifest-merger-blame-release-report.txt
1<?xml version="1.0" encoding="utf-8"?>
2<manifest xmlns:android="http://schemas.android.com/apk/res/android"
3    package="com.zafus.mathquiz"
4    android:versionCode="10"
5    android:versionName="2.0.1" >
6
7    <uses-sdk
8        android:minSdkVersion="23"
9        android:targetSdkVersion="35" />
10
11    <uses-permission android:name="android.permission.INTERNET" />
11-->src/main/AndroidManifest.xml:2:5-67
11-->src/main/AndroidManifest.xml:2:22-64
12    <uses-permission android:name="android.permission.ACCESS_NETWORK_STATE" />
12-->src/main/AndroidManifest.xml:3:5-79
12-->src/main/AndroidManifest.xml:3:22-76
13    <uses-permission android:name="android.permission.WAKE_LOCK" />
13-->src/main/AndroidManifest.xml:4:5-68
13-->src/main/AndroidManifest.xml:4:22-65
14    <uses-permission android:name="android.permission.FOREGROUND_SERVICE" />
14-->src/main/AndroidManifest.xml:5:5-76
14-->src/main/AndroidManifest.xml:5:22-74
15    <!--
16         Required to query activities that can process text, see:
17         https://developer.android.com/training/package-visibility?hl=en and
18         https://developer.android.com/reference/android/content/Intent#ACTION_PROCESS_TEXT.
19
20         In particular, this is used by the Flutter engine in io.flutter.plugin.text.ProcessTextPlugin.
21    -->
22    <queries>
22-->src/main/AndroidManifest.xml:56:5-61:15
23        <intent>
23-->src/main/AndroidManifest.xml:57:9-60:18
24            <action android:name="android.intent.action.PROCESS_TEXT" />
24-->src/main/AndroidManifest.xml:58:13-72
24-->src/main/AndroidManifest.xml:58:21-70
25
26            <data android:mimeType="text/plain" />
26-->src/main/AndroidManifest.xml:59:13-50
26-->src/main/AndroidManifest.xml:59:19-48
27        </intent>
28        <intent>
28-->[:flutter_inappwebview_android] AndroidManifest.xml:8:9-10:18
29            <action android:name="android.support.customtabs.action.CustomTabsService" />
29-->[:flutter_inappwebview_android] AndroidManifest.xml:9:13-90
29-->[:flutter_inappwebview_android] AndroidManifest.xml:9:21-87
30        </intent>
31    </queries>
32
33    <uses-permission android:name="android.permission.RECEIVE_BOOT_COMPLETED" />
33-->[:flutter_background_service_android] AndroidManifest.xml:8:5-81
33-->[:flutter_background_service_android] AndroidManifest.xml:8:22-78
34    <uses-permission android:name="android.permission.VIBRATE" />
34-->[:flutter_local_notifications] AndroidManifest.xml:7:5-66
34-->[:flutter_local_notifications] AndroidManifest.xml:7:22-63
35    <uses-permission android:name="android.permission.POST_NOTIFICATIONS" />
35-->[:flutter_local_notifications] AndroidManifest.xml:8:5-77
35-->[:flutter_local_notifications] AndroidManifest.xml:8:22-74
36    <uses-permission android:name="com.google.android.providers.gsf.permission.READ_GSERVICES" />
36-->[com.google.android.recaptcha:recaptcha:18.6.1] AndroidManifest.xml:9:5-98
36-->[com.google.android.recaptcha:recaptcha:18.6.1] AndroidManifest.xml:9:22-95
37
38    <permission
38-->[androidx.core:core:1.13.1] AndroidManifest.xml:22:5-24:47
39        android:name="com.zafus.mathquiz.DYNAMIC_RECEIVER_NOT_EXPORTED_PERMISSION"
39-->[androidx.core:core:1.13.1] AndroidManifest.xml:23:9-81
40        android:protectionLevel="signature" />
40-->[androidx.core:core:1.13.1] AndroidManifest.xml:24:9-44
41
42    <uses-permission android:name="com.zafus.mathquiz.DYNAMIC_RECEIVER_NOT_EXPORTED_PERMISSION" />
42-->[androidx.core:core:1.13.1] AndroidManifest.xml:26:5-97
42-->[androidx.core:core:1.13.1] AndroidManifest.xml:26:22-94
43
44    <application
45        android:name="android.app.Application"
45-->src/main/AndroidManifest.xml:8:9-42
46        android:appComponentFactory="androidx.core.app.CoreComponentFactory"
46-->[androidx.core:core:1.13.1] AndroidManifest.xml:28:18-86
47        android:extractNativeLibs="false"
48        android:icon="@mipmap/ic_launcher"
48-->src/main/AndroidManifest.xml:9:9-43
49        android:label="MathQuiz"
49-->src/main/AndroidManifest.xml:7:9-33
50        android:usesCleartextTraffic="true" >
50-->src/main/AndroidManifest.xml:10:9-44
51        <service
51-->src/main/AndroidManifest.xml:11:9-14:71
52            android:name="com.zafus.mathquiz.MyService"
52-->src/main/AndroidManifest.xml:12:13-38
53            android:exported="true"
53-->src/main/AndroidManifest.xml:13:13-36
54            android:permission="android.permission.BIND_JOB_SERVICE" />
54-->src/main/AndroidManifest.xml:14:13-69
55
56        <activity
56-->src/main/AndroidManifest.xml:15:9-35:20
57            android:name="com.zafus.mathquiz.MainActivity"
57-->src/main/AndroidManifest.xml:16:13-41
58            android:configChanges="orientation|keyboardHidden|keyboard|screenSize|smallestScreenSize|locale|layoutDirection|fontScale|screenLayout|density|uiMode"
58-->src/main/AndroidManifest.xml:20:13-163
59            android:exported="true"
59-->src/main/AndroidManifest.xml:17:13-36
60            android:hardwareAccelerated="true"
60-->src/main/AndroidManifest.xml:21:13-47
61            android:launchMode="singleTop"
61-->src/main/AndroidManifest.xml:18:13-43
62            android:theme="@style/LaunchTheme"
62-->src/main/AndroidManifest.xml:19:13-47
63            android:windowSoftInputMode="adjustResize" >
63-->src/main/AndroidManifest.xml:22:13-55
64
65            <!--
66                 Specifies an Android theme to apply to this Activity as soon as
67                 the Android process has started. This theme is visible to the user
68                 while the Flutter UI initializes. After that, this theme continues
69                 to determine the Window background behind the Flutter UI.
70            -->
71            <meta-data
71-->src/main/AndroidManifest.xml:27:13-30:17
72                android:name="io.flutter.embedding.android.NormalTheme"
72-->src/main/AndroidManifest.xml:28:15-70
73                android:resource="@style/NormalTheme" />
73-->src/main/AndroidManifest.xml:29:15-52
74
75            <intent-filter>
75-->src/main/AndroidManifest.xml:31:13-34:29
76                <action android:name="android.intent.action.MAIN" />
76-->src/main/AndroidManifest.xml:32:17-68
76-->src/main/AndroidManifest.xml:32:25-66
77
78                <category android:name="android.intent.category.LAUNCHER" />
78-->src/main/AndroidManifest.xml:33:17-76
78-->src/main/AndroidManifest.xml:33:27-74
79            </intent-filter>
80        </activity>
81        <!--
82             Don't delete the meta-data below.
83             This is used by the Flutter tool to generate GeneratedPluginRegistrant.java
84        -->
85        <meta-data
85-->src/main/AndroidManifest.xml:38:9-40:33
86            android:name="flutterEmbedding"
86-->src/main/AndroidManifest.xml:39:13-44
87            android:value="2" />
87-->src/main/AndroidManifest.xml:40:13-30
88
89        <!-- Thêm receiver này -->
90        <receiver
90-->src/main/AndroidManifest.xml:43:9-49:20
91            android:name="com.dexterous.flutterlocalnotifications.ScheduledNotificationBootReceiver"
91-->src/main/AndroidManifest.xml:44:13-101
92            android:exported="false" >
92-->src/main/AndroidManifest.xml:45:13-37
93            <intent-filter>
93-->src/main/AndroidManifest.xml:46:13-48:29
94                <action android:name="android.intent.action.BOOT_COMPLETED" />
94-->src/main/AndroidManifest.xml:47:17-78
94-->src/main/AndroidManifest.xml:47:25-76
95            </intent-filter>
96        </receiver>
97
98        <service
98-->[:firebase_auth] AndroidManifest.xml:8:9-12:19
99            android:name="com.google.firebase.components.ComponentDiscoveryService"
99-->[:firebase_auth] AndroidManifest.xml:8:18-89
100            android:directBootAware="true"
100-->[com.google.firebase:firebase-common:21.0.0] AndroidManifest.xml:32:13-43
101            android:exported="false" >
101-->[com.google.firebase:firebase-auth:23.2.0] AndroidManifest.xml:68:13-37
102            <meta-data
102-->[:firebase_auth] AndroidManifest.xml:9:13-11:85
103                android:name="com.google.firebase.components:io.flutter.plugins.firebase.auth.FlutterFirebaseAuthRegistrar"
103-->[:firebase_auth] AndroidManifest.xml:10:17-124
104                android:value="com.google.firebase.components.ComponentRegistrar" />
104-->[:firebase_auth] AndroidManifest.xml:11:17-82
105            <meta-data
105-->[:firebase_core] AndroidManifest.xml:9:13-11:85
106                android:name="com.google.firebase.components:io.flutter.plugins.firebase.core.FlutterFirebaseCoreRegistrar"
106-->[:firebase_core] AndroidManifest.xml:10:17-124
107                android:value="com.google.firebase.components.ComponentRegistrar" />
107-->[:firebase_core] AndroidManifest.xml:11:17-82
108            <meta-data
108-->[com.google.firebase:firebase-auth:23.2.0] AndroidManifest.xml:69:13-71:85
109                android:name="com.google.firebase.components:com.google.firebase.auth.FirebaseAuthRegistrar"
109-->[com.google.firebase:firebase-auth:23.2.0] AndroidManifest.xml:70:17-109
110                android:value="com.google.firebase.components.ComponentRegistrar" />
110-->[com.google.firebase:firebase-auth:23.2.0] AndroidManifest.xml:71:17-82
111            <meta-data
111-->[com.google.firebase:firebase-common-ktx:21.0.0] AndroidManifest.xml:12:13-14:85
112                android:name="com.google.firebase.components:com.google.firebase.ktx.FirebaseCommonLegacyRegistrar"
112-->[com.google.firebase:firebase-common-ktx:21.0.0] AndroidManifest.xml:13:17-116
113                android:value="com.google.firebase.components.ComponentRegistrar" />
113-->[com.google.firebase:firebase-common-ktx:21.0.0] AndroidManifest.xml:14:17-82
114            <meta-data
114-->[com.google.firebase:firebase-common:21.0.0] AndroidManifest.xml:35:13-37:85
115                android:name="com.google.firebase.components:com.google.firebase.FirebaseCommonKtxRegistrar"
115-->[com.google.firebase:firebase-common:21.0.0] AndroidManifest.xml:36:17-109
116                android:value="com.google.firebase.components.ComponentRegistrar" />
116-->[com.google.firebase:firebase-common:21.0.0] AndroidManifest.xml:37:17-82
117        </service>
118
119        <activity
119-->[com.google.firebase:firebase-auth:23.2.0] AndroidManifest.xml:29:9-46:20
120            android:name="com.google.firebase.auth.internal.GenericIdpActivity"
120-->[com.google.firebase:firebase-auth:23.2.0] AndroidManifest.xml:30:13-80
121            android:excludeFromRecents="true"
121-->[com.google.firebase:firebase-auth:23.2.0] AndroidManifest.xml:31:13-46
122            android:exported="true"
122-->[com.google.firebase:firebase-auth:23.2.0] AndroidManifest.xml:32:13-36
123            android:launchMode="singleTask"
123-->[com.google.firebase:firebase-auth:23.2.0] AndroidManifest.xml:33:13-44
124            android:theme="@android:style/Theme.Translucent.NoTitleBar" >
124-->[com.google.firebase:firebase-auth:23.2.0] AndroidManifest.xml:34:13-72
125            <intent-filter>
125-->[com.google.firebase:firebase-auth:23.2.0] AndroidManifest.xml:35:13-45:29
126                <action android:name="android.intent.action.VIEW" />
126-->[com.google.firebase:firebase-auth:23.2.0] AndroidManifest.xml:36:17-69
126-->[com.google.firebase:firebase-auth:23.2.0] AndroidManifest.xml:36:25-66
127
128                <category android:name="android.intent.category.DEFAULT" />
128-->[com.google.firebase:firebase-auth:23.2.0] AndroidManifest.xml:38:17-76
128-->[com.google.firebase:firebase-auth:23.2.0] AndroidManifest.xml:38:27-73
129                <category android:name="android.intent.category.BROWSABLE" />
129-->[com.google.firebase:firebase-auth:23.2.0] AndroidManifest.xml:39:17-78
129-->[com.google.firebase:firebase-auth:23.2.0] AndroidManifest.xml:39:27-75
130
131                <data
131-->src/main/AndroidManifest.xml:59:13-50
132                    android:host="firebase.auth"
133                    android:path="/"
134                    android:scheme="genericidp" />
135            </intent-filter>
136        </activity>
137        <activity
137-->[com.google.firebase:firebase-auth:23.2.0] AndroidManifest.xml:47:9-64:20
138            android:name="com.google.firebase.auth.internal.RecaptchaActivity"
138-->[com.google.firebase:firebase-auth:23.2.0] AndroidManifest.xml:48:13-79
139            android:excludeFromRecents="true"
139-->[com.google.firebase:firebase-auth:23.2.0] AndroidManifest.xml:49:13-46
140            android:exported="true"
140-->[com.google.firebase:firebase-auth:23.2.0] AndroidManifest.xml:50:13-36
141            android:launchMode="singleTask"
141-->[com.google.firebase:firebase-auth:23.2.0] AndroidManifest.xml:51:13-44
142            android:theme="@android:style/Theme.Translucent.NoTitleBar" >
142-->[com.google.firebase:firebase-auth:23.2.0] AndroidManifest.xml:52:13-72
143            <intent-filter>
143-->[com.google.firebase:firebase-auth:23.2.0] AndroidManifest.xml:53:13-63:29
144                <action android:name="android.intent.action.VIEW" />
144-->[com.google.firebase:firebase-auth:23.2.0] AndroidManifest.xml:36:17-69
144-->[com.google.firebase:firebase-auth:23.2.0] AndroidManifest.xml:36:25-66
145
146                <category android:name="android.intent.category.DEFAULT" />
146-->[com.google.firebase:firebase-auth:23.2.0] AndroidManifest.xml:38:17-76
146-->[com.google.firebase:firebase-auth:23.2.0] AndroidManifest.xml:38:27-73
147                <category android:name="android.intent.category.BROWSABLE" />
147-->[com.google.firebase:firebase-auth:23.2.0] AndroidManifest.xml:39:17-78
147-->[com.google.firebase:firebase-auth:23.2.0] AndroidManifest.xml:39:27-75
148
149                <data
149-->src/main/AndroidManifest.xml:59:13-50
150                    android:host="firebase.auth"
151                    android:path="/"
152                    android:scheme="recaptcha" />
153            </intent-filter>
154        </activity>
155
156        <provider
156-->[:flutter_email_sender] AndroidManifest.xml:8:9-16:20
157            android:name="com.sidlatau.flutteremailsender.FlutterEmailSenderFileProvider"
157-->[:flutter_email_sender] AndroidManifest.xml:9:13-90
158            android:authorities="com.zafus.mathquiz.file_provider"
158-->[:flutter_email_sender] AndroidManifest.xml:10:13-65
159            android:exported="false"
159-->[:flutter_email_sender] AndroidManifest.xml:11:13-37
160            android:grantUriPermissions="true" >
160-->[:flutter_email_sender] AndroidManifest.xml:12:13-47
161            <meta-data
161-->[:flutter_email_sender] AndroidManifest.xml:13:13-15:61
162                android:name="android.support.FILE_PROVIDER_PATHS"
162-->[:flutter_email_sender] AndroidManifest.xml:14:17-67
163                android:resource="@xml/shared_file_paths" />
163-->[:flutter_email_sender] AndroidManifest.xml:15:17-58
164        </provider>
165
166        <activity
166-->[:flutter_inappwebview_android] AndroidManifest.xml:14:9-18:47
167            android:name="com.pichillilorenzo.flutter_inappwebview_android.in_app_browser.InAppBrowserActivity"
167-->[:flutter_inappwebview_android] AndroidManifest.xml:15:13-112
168            android:configChanges="orientation|keyboardHidden|keyboard|screenSize|locale|layoutDirection|fontScale|screenLayout|density"
168-->[:flutter_inappwebview_android] AndroidManifest.xml:16:13-137
169            android:exported="false"
169-->[:flutter_inappwebview_android] AndroidManifest.xml:17:13-37
170            android:theme="@style/AppTheme" />
170-->[:flutter_inappwebview_android] AndroidManifest.xml:18:13-44
171        <activity
171-->[:flutter_inappwebview_android] AndroidManifest.xml:19:9-22:55
172            android:name="com.pichillilorenzo.flutter_inappwebview_android.chrome_custom_tabs.ChromeCustomTabsActivity"
172-->[:flutter_inappwebview_android] AndroidManifest.xml:20:13-120
173            android:exported="false"
173-->[:flutter_inappwebview_android] AndroidManifest.xml:21:13-37
174            android:theme="@style/ThemeTransparent" />
174-->[:flutter_inappwebview_android] AndroidManifest.xml:22:13-52
175        <activity
175-->[:flutter_inappwebview_android] AndroidManifest.xml:23:9-26:55
176            android:name="com.pichillilorenzo.flutter_inappwebview_android.chrome_custom_tabs.TrustedWebActivity"
176-->[:flutter_inappwebview_android] AndroidManifest.xml:24:13-114
177            android:exported="false"
177-->[:flutter_inappwebview_android] AndroidManifest.xml:25:13-37
178            android:theme="@style/ThemeTransparent" />
178-->[:flutter_inappwebview_android] AndroidManifest.xml:26:13-52
179        <activity
179-->[:flutter_inappwebview_android] AndroidManifest.xml:27:9-31:55
180            android:name="com.pichillilorenzo.flutter_inappwebview_android.chrome_custom_tabs.ChromeCustomTabsActivitySingleInstance"
180-->[:flutter_inappwebview_android] AndroidManifest.xml:28:13-134
181            android:exported="false"
181-->[:flutter_inappwebview_android] AndroidManifest.xml:29:13-37
182            android:launchMode="singleInstance"
182-->[:flutter_inappwebview_android] AndroidManifest.xml:30:13-48
183            android:theme="@style/ThemeTransparent" />
183-->[:flutter_inappwebview_android] AndroidManifest.xml:31:13-52
184        <activity
184-->[:flutter_inappwebview_android] AndroidManifest.xml:32:9-36:55
185            android:name="com.pichillilorenzo.flutter_inappwebview_android.chrome_custom_tabs.TrustedWebActivitySingleInstance"
185-->[:flutter_inappwebview_android] AndroidManifest.xml:33:13-128
186            android:exported="false"
186-->[:flutter_inappwebview_android] AndroidManifest.xml:34:13-37
187            android:launchMode="singleInstance"
187-->[:flutter_inappwebview_android] AndroidManifest.xml:35:13-48
188            android:theme="@style/ThemeTransparent" />
188-->[:flutter_inappwebview_android] AndroidManifest.xml:36:13-52
189
190        <receiver
190-->[:flutter_inappwebview_android] AndroidManifest.xml:38:9-41:40
191            android:name="com.pichillilorenzo.flutter_inappwebview_android.chrome_custom_tabs.ActionBroadcastReceiver"
191-->[:flutter_inappwebview_android] AndroidManifest.xml:39:13-119
192            android:enabled="true"
192-->[:flutter_inappwebview_android] AndroidManifest.xml:40:13-35
193            android:exported="false" />
193-->[:flutter_inappwebview_android] AndroidManifest.xml:41:13-37
194
195        <meta-data
195-->[:flutter_inappwebview_android] AndroidManifest.xml:43:9-45:36
196            android:name="io.flutter.embedded_views_preview"
196-->[:flutter_inappwebview_android] AndroidManifest.xml:44:13-61
197            android:value="true" />
197-->[:flutter_inappwebview_android] AndroidManifest.xml:45:13-33
198
199        <service
199-->[:flutter_background_service_android] AndroidManifest.xml:12:9-16:44
200            android:name="id.flutter.flutter_background_service.BackgroundService"
200-->[:flutter_background_service_android] AndroidManifest.xml:13:13-83
201            android:enabled="true"
201-->[:flutter_background_service_android] AndroidManifest.xml:14:13-35
202            android:exported="true"
202-->[:flutter_background_service_android] AndroidManifest.xml:15:13-36
203            android:stopWithTask="false" />
203-->[:flutter_background_service_android] AndroidManifest.xml:16:13-41
204
205        <receiver
205-->[:flutter_background_service_android] AndroidManifest.xml:18:9-21:39
206            android:name="id.flutter.flutter_background_service.WatchdogReceiver"
206-->[:flutter_background_service_android] AndroidManifest.xml:19:13-82
207            android:enabled="true"
207-->[:flutter_background_service_android] AndroidManifest.xml:20:13-35
208            android:exported="true" />
208-->[:flutter_background_service_android] AndroidManifest.xml:21:13-36
209        <receiver
209-->[:flutter_background_service_android] AndroidManifest.xml:22:9-31:20
210            android:name="id.flutter.flutter_background_service.BootReceiver"
210-->[:flutter_background_service_android] AndroidManifest.xml:23:13-78
211            android:enabled="true"
211-->[:flutter_background_service_android] AndroidManifest.xml:24:13-35
212            android:exported="true" >
212-->[:flutter_background_service_android] AndroidManifest.xml:25:13-36
213            <intent-filter>
213-->[:flutter_background_service_android] AndroidManifest.xml:26:13-30:29
214                <action android:name="android.intent.action.BOOT_COMPLETED" />
214-->src/main/AndroidManifest.xml:47:17-78
214-->src/main/AndroidManifest.xml:47:25-76
215                <action android:name="android.intent.action.QUICKBOOT_POWERON" />
215-->[:flutter_background_service_android] AndroidManifest.xml:28:17-82
215-->[:flutter_background_service_android] AndroidManifest.xml:28:25-79
216                <action android:name="android.intent.action.MY_PACKAGE_REPLACED" />
216-->[:flutter_background_service_android] AndroidManifest.xml:29:17-84
216-->[:flutter_background_service_android] AndroidManifest.xml:29:25-81
217            </intent-filter>
218        </receiver>
219
220        <provider
220-->[:image_picker_android] AndroidManifest.xml:9:9-17:20
221            android:name="io.flutter.plugins.imagepicker.ImagePickerFileProvider"
221-->[:image_picker_android] AndroidManifest.xml:10:13-82
222            android:authorities="com.zafus.mathquiz.flutter.image_provider"
222-->[:image_picker_android] AndroidManifest.xml:11:13-74
223            android:exported="false"
223-->[:image_picker_android] AndroidManifest.xml:12:13-37
224            android:grantUriPermissions="true" >
224-->[:image_picker_android] AndroidManifest.xml:13:13-47
225            <meta-data
225-->[:flutter_email_sender] AndroidManifest.xml:13:13-15:61
226                android:name="android.support.FILE_PROVIDER_PATHS"
226-->[:flutter_email_sender] AndroidManifest.xml:14:17-67
227                android:resource="@xml/flutter_image_picker_file_paths" />
227-->[:flutter_email_sender] AndroidManifest.xml:15:17-58
228        </provider> <!-- Trigger Google Play services to install the backported photo picker module. -->
229        <service
229-->[:image_picker_android] AndroidManifest.xml:19:9-31:19
230            android:name="com.google.android.gms.metadata.ModuleDependencies"
230-->[:image_picker_android] AndroidManifest.xml:20:13-78
231            android:enabled="false"
231-->[:image_picker_android] AndroidManifest.xml:21:13-36
232            android:exported="false" >
232-->[:image_picker_android] AndroidManifest.xml:22:13-37
233            <intent-filter>
233-->[:image_picker_android] AndroidManifest.xml:24:13-26:29
234                <action android:name="com.google.android.gms.metadata.MODULE_DEPENDENCIES" />
234-->[:image_picker_android] AndroidManifest.xml:25:17-94
234-->[:image_picker_android] AndroidManifest.xml:25:25-91
235            </intent-filter>
236
237            <meta-data
237-->[:image_picker_android] AndroidManifest.xml:28:13-30:36
238                android:name="photopicker_activity:0:required"
238-->[:image_picker_android] AndroidManifest.xml:29:17-63
239                android:value="" />
239-->[:image_picker_android] AndroidManifest.xml:30:17-33
240        </service>
241
242        <activity
242-->[:url_launcher_android] AndroidManifest.xml:8:9-11:74
243            android:name="io.flutter.plugins.urllauncher.WebViewActivity"
243-->[:url_launcher_android] AndroidManifest.xml:9:13-74
244            android:exported="false"
244-->[:url_launcher_android] AndroidManifest.xml:10:13-37
245            android:theme="@android:style/Theme.NoTitleBar.Fullscreen" />
245-->[:url_launcher_android] AndroidManifest.xml:11:13-71
246
247        <service
247-->[androidx.credentials:credentials-play-services-auth:1.2.0-rc01] AndroidManifest.xml:24:9-32:19
248            android:name="androidx.credentials.playservices.CredentialProviderMetadataHolder"
248-->[androidx.credentials:credentials-play-services-auth:1.2.0-rc01] AndroidManifest.xml:25:13-94
249            android:enabled="true"
249-->[androidx.credentials:credentials-play-services-auth:1.2.0-rc01] AndroidManifest.xml:26:13-35
250            android:exported="false" >
250-->[androidx.credentials:credentials-play-services-auth:1.2.0-rc01] AndroidManifest.xml:27:13-37
251            <meta-data
251-->[androidx.credentials:credentials-play-services-auth:1.2.0-rc01] AndroidManifest.xml:29:13-31:104
252                android:name="androidx.credentials.CREDENTIAL_PROVIDER_KEY"
252-->[androidx.credentials:credentials-play-services-auth:1.2.0-rc01] AndroidManifest.xml:30:17-76
253                android:value="androidx.credentials.playservices.CredentialProviderPlayServicesImpl" />
253-->[androidx.credentials:credentials-play-services-auth:1.2.0-rc01] AndroidManifest.xml:31:17-101
254        </service>
255
256        <activity
256-->[androidx.credentials:credentials-play-services-auth:1.2.0-rc01] AndroidManifest.xml:34:9-41:20
257            android:name="androidx.credentials.playservices.HiddenActivity"
257-->[androidx.credentials:credentials-play-services-auth:1.2.0-rc01] AndroidManifest.xml:35:13-76
258            android:configChanges="orientation|screenSize|screenLayout|keyboardHidden"
258-->[androidx.credentials:credentials-play-services-auth:1.2.0-rc01] AndroidManifest.xml:36:13-87
259            android:enabled="true"
259-->[androidx.credentials:credentials-play-services-auth:1.2.0-rc01] AndroidManifest.xml:37:13-35
260            android:exported="false"
260-->[androidx.credentials:credentials-play-services-auth:1.2.0-rc01] AndroidManifest.xml:38:13-37
261            android:fitsSystemWindows="true"
261-->[androidx.credentials:credentials-play-services-auth:1.2.0-rc01] AndroidManifest.xml:39:13-45
262            android:theme="@style/Theme.Hidden" >
262-->[androidx.credentials:credentials-play-services-auth:1.2.0-rc01] AndroidManifest.xml:40:13-48
263        </activity>
264        <activity
264-->[com.google.android.gms:play-services-auth:21.0.0] AndroidManifest.xml:23:9-27:75
265            android:name="com.google.android.gms.auth.api.signin.internal.SignInHubActivity"
265-->[com.google.android.gms:play-services-auth:21.0.0] AndroidManifest.xml:24:13-93
266            android:excludeFromRecents="true"
266-->[com.google.android.gms:play-services-auth:21.0.0] AndroidManifest.xml:25:13-46
267            android:exported="false"
267-->[com.google.android.gms:play-services-auth:21.0.0] AndroidManifest.xml:26:13-37
268            android:theme="@android:style/Theme.Translucent.NoTitleBar" />
268-->[com.google.android.gms:play-services-auth:21.0.0] AndroidManifest.xml:27:13-72
269        <!--
270            Service handling Google Sign-In user revocation. For apps that do not integrate with
271            Google Sign-In, this service will never be started.
272        -->
273        <service
273-->[com.google.android.gms:play-services-auth:21.0.0] AndroidManifest.xml:33:9-37:51
274            android:name="com.google.android.gms.auth.api.signin.RevocationBoundService"
274-->[com.google.android.gms:play-services-auth:21.0.0] AndroidManifest.xml:34:13-89
275            android:exported="true"
275-->[com.google.android.gms:play-services-auth:21.0.0] AndroidManifest.xml:35:13-36
276            android:permission="com.google.android.gms.auth.api.signin.permission.REVOCATION_NOTIFICATION"
276-->[com.google.android.gms:play-services-auth:21.0.0] AndroidManifest.xml:36:13-107
277            android:visibleToInstantApps="true" />
277-->[com.google.android.gms:play-services-auth:21.0.0] AndroidManifest.xml:37:13-48
278
279        <activity
279-->[com.google.android.gms:play-services-base:18.0.1] AndroidManifest.xml:20:9-22:45
280            android:name="com.google.android.gms.common.api.GoogleApiActivity"
280-->[com.google.android.gms:play-services-base:18.0.1] AndroidManifest.xml:20:19-85
281            android:exported="false"
281-->[com.google.android.gms:play-services-base:18.0.1] AndroidManifest.xml:22:19-43
282            android:theme="@android:style/Theme.Translucent.NoTitleBar" />
282-->[com.google.android.gms:play-services-base:18.0.1] AndroidManifest.xml:21:19-78
283
284        <provider
284-->[com.google.firebase:firebase-common:21.0.0] AndroidManifest.xml:23:9-28:39
285            android:name="com.google.firebase.provider.FirebaseInitProvider"
285-->[com.google.firebase:firebase-common:21.0.0] AndroidManifest.xml:24:13-77
286            android:authorities="com.zafus.mathquiz.firebaseinitprovider"
286-->[com.google.firebase:firebase-common:21.0.0] AndroidManifest.xml:25:13-72
287            android:directBootAware="true"
287-->[com.google.firebase:firebase-common:21.0.0] AndroidManifest.xml:26:13-43
288            android:exported="false"
288-->[com.google.firebase:firebase-common:21.0.0] AndroidManifest.xml:27:13-37
289            android:initOrder="100" />
289-->[com.google.firebase:firebase-common:21.0.0] AndroidManifest.xml:28:13-36
290        <provider
290-->[androidx.emoji2:emoji2:1.2.0] AndroidManifest.xml:24:9-32:20
291            android:name="androidx.startup.InitializationProvider"
291-->[androidx.emoji2:emoji2:1.2.0] AndroidManifest.xml:25:13-67
292            android:authorities="com.zafus.mathquiz.androidx-startup"
292-->[androidx.emoji2:emoji2:1.2.0] AndroidManifest.xml:26:13-68
293            android:exported="false" >
293-->[androidx.emoji2:emoji2:1.2.0] AndroidManifest.xml:27:13-37
294            <meta-data
294-->[androidx.emoji2:emoji2:1.2.0] AndroidManifest.xml:29:13-31:52
295                android:name="androidx.emoji2.text.EmojiCompatInitializer"
295-->[androidx.emoji2:emoji2:1.2.0] AndroidManifest.xml:30:17-75
296                android:value="androidx.startup" />
296-->[androidx.emoji2:emoji2:1.2.0] AndroidManifest.xml:31:17-49
297            <meta-data
297-->[androidx.lifecycle:lifecycle-process:2.7.0] AndroidManifest.xml:29:13-31:52
298                android:name="androidx.lifecycle.ProcessLifecycleInitializer"